# JRE version: Java(TM) SE Runtime Environment (8.0_111-b14) (build 1.8.0_111-b14)
# Java VM: Java HotSpot(TM) 64-Bit Server VM (25.111-b14 mixed mode windows-amd64 compressed oops)
Heap:
 PSYoungGen      total 252416K, used 103577K [0x00000000eb180000, 0x00000000ff480000, 0x0000000100000000)
  eden space 172544K, 54% used [0x00000000eb180000,0x00000000f0d2a080,0x00000000f5a00000)
  from space 79872K, 12% used [0x00000000fa680000,0x00000000faffc4a0,0x00000000ff480000)
  to   space 78336K, 0% used [0x00000000f5a00000,0x00000000f5a00000,0x00000000fa680000)
 ParOldGen       total 325120K, used 262591K [0x00000000c1400000, 0x00000000d5180000, 0x00000000eb180000)
  object space 325120K, 80% used [0x00000000c1400000,0x00000000d146fc28,0x00000000d5180000)
 Metaspace       used 49909K, capacity 50357K, committed 50816K, reserved 1093632K
  class space    used 6097K, capacity 6251K, committed 6272K, reserved 1048576K
GC Heap History (10 events):
Event: 255.102 GC heap before
{Heap before GC invocations=53 (full 8):
 PSYoungGen      total 246784K, used 161263K [0x00000000eb180000, 0x00000000ffc00000, 0x0000000100000000)
  eden space 153088K, 100% used [0x00000000eb180000,0x00000000f4700000,0x00000000f4700000)
  from space 93696K, 8% used [0x00000000fa080000,0x00000000fa87bc68,0x00000000ffc00000)
  to   space 91648K, 0% used [0x00000000f4700000,0x00000000f4700000,0x00000000fa080000)
 ParOldGen       total 325120K, used 225857K [0x00000000c1400000, 0x00000000d5180000, 0x00000000eb180000)
  object space 325120K, 69% used [0x00000000c1400000,0x00000000cf0906b8,0x00000000d5180000)
 Metaspace       used 45900K, capacity 46321K, committed 46848K, reserved 1089536K
  class space    used 5666K, capacity 5791K, committed 5888K, reserved 1048576K
Event: 255.163 GC heap after
Heap after GC invocations=53 (full 8):
 PSYoungGen      total 172032K, used 18693K [0x00000000eb180000, 0x00000000ff500000, 0x0000000100000000)
  eden space 153088K, 0% used [0x00000000eb180000,0x00000000eb180000,0x00000000f4700000)
  from space 18944K, 98% used [0x00000000f4700000,0x00000000f5941590,0x00000000f5980000)
  to   space 87040K, 0% used [0x00000000fa000000,0x00000000fa000000,0x00000000ff500000)
 ParOldGen       total 325120K, used 231891K [0x00000000c1400000, 0x00000000d5180000, 0x00000000eb180000)
  object space 325120K, 71% used [0x00000000c1400000,0x00000000cf674da0,0x00000000d5180000)
 Metaspace       used 45900K, capacity 46321K, committed 46848K, reserved 1089536K
  class space    used 5666K, capacity 5791K, committed 5888K, reserved 1048576K
}
Event: 260.888 GC heap before
{Heap before GC invocations=54 (full 8):
 PSYoungGen      total 172032K, used 171781K [0x00000000eb180000, 0x00000000ff500000, 0x0000000100000000)
  eden space 153088K, 100% used [0x00000000eb180000,0x00000000f4700000,0x00000000f4700000)
  from space 18944K, 98% used [0x00000000f4700000,0x00000000f5941590,0x00000000f5980000)
  to   space 87040K, 0% used [0x00000000fa000000,0x00000000fa000000,0x00000000ff500000)
 ParOldGen       total 325120K, used 231891K [0x00000000c1400000, 0x00000000d5180000, 0x00000000eb180000)
  object space 325120K, 71% used [0x00000000c1400000,0x00000000cf674da0,0x00000000d5180000)
 Metaspace       used 48171K, capacity 48595K, committed 49152K, reserved 1091584K
  class space    used 5943K, capacity 6080K, committed 6144K, reserved 1048576K
Event: 260.931 GC heap after
Heap after GC invocations=54 (full 8):
 PSYoungGen      total 245760K, used 4824K [0x00000000eb180000, 0x00000000ffe00000, 0x0000000100000000)
  eden space 158720K, 0% used [0x00000000eb180000,0x00000000eb180000,0x00000000f4c80000)
  from space 87040K, 5% used [0x00000000fa000000,0x00000000fa4b60e0,0x00000000ff500000)
  to   space 85504K, 0% used [0x00000000f4c80000,0x00000000f4c80000,0x00000000fa000000)
 ParOldGen       total 325120K, used 249252K [0x00000000c1400000, 0x00000000d5180000, 0x00000000eb180000)
  object space 325120K, 76% used [0x00000000c1400000,0x00000000d07690d8,0x00000000d5180000)
 Metaspace       used 48171K, capacity 48595K, committed 49152K, reserved 1091584K
  class space    used 5943K, capacity 6080K, committed 6144K, reserved 1048576K
}
Event: 263.044 GC heap before
{Heap before GC invocations=55 (full 8):
 PSYoungGen      total 245760K, used 85577K [0x00000000eb180000, 0x00000000ffe00000, 0x0000000100000000)
  eden space 158720K, 50% used [0x00000000eb180000,0x00000000f005c3b8,0x00000000f4c80000)
  from space 87040K, 5% used [0x00000000fa000000,0x00000000fa4b60e0,0x00000000ff500000)
  to   space 85504K, 0% used [0x00000000f4c80000,0x00000000f4c80000,0x00000000fa000000)
 ParOldGen       total 325120K, used 249252K [0x00000000c1400000, 0x00000000d5180000, 0x00000000eb180000)
  object space 325120K, 76% used [0x00000000c1400000,0x00000000d07690d8,0x00000000d5180000)
 Metaspace       used 49070K, capacity 49463K, committed 50048K, reserved 1093632K
  class space    used 6020K, capacity 6150K, committed 6272K, reserved 1048576K
Event: 263.251 GC heap after
Heap after GC invocations=55 (full 8):
 PSYoungGen      total 244224K, used 15208K [0x00000000eb180000, 0x00000000ff600000, 0x0000000100000000)
  eden space 158720K, 0% used [0x00000000eb180000,0x00000000eb180000,0x00000000f4c80000)
  from space 85504K, 17% used [0x00000000f4c80000,0x00000000f5b5a128,0x00000000fa000000)
  to   space 81408K, 0% used [0x00000000fa680000,0x00000000fa680000,0x00000000ff600000)
 ParOldGen       total 325120K, used 252422K [0x00000000c1400000, 0x00000000d5180000, 0x00000000eb180000)
  object space 325120K, 77% used [0x00000000c1400000,0x00000000d0a81a60,0x00000000d5180000)
 Metaspace       used 49070K, capacity 49463K, committed 50048K, reserved 1093632K
  class space    used 6020K, capacity 6150K, committed 6272K, reserved 1048576K
}
Event: 263.251 GC heap before
{Heap before GC invocations=56 (full 9):
 PSYoungGen      total 244224K, used 15208K [0x00000000eb180000, 0x00000000ff600000, 0x0000000100000000)
  eden space 158720K, 0% used [0x00000000eb180000,0x00000000eb180000,0x00000000f4c80000)
  from space 85504K, 17% used [0x00000000f4c80000,0x00000000f5b5a128,0x00000000fa000000)
  to   space 81408K, 0% used [0x00000000fa680000,0x00000000fa680000,0x00000000ff600000)
 ParOldGen       total 325120K, used 252422K [0x00000000c1400000, 0x00000000d5180000, 0x00000000eb180000)
  object space 325120K, 77% used [0x00000000c1400000,0x00000000d0a81a60,0x00000000d5180000)
 Metaspace       used 49070K, capacity 49463K, committed 50048K, reserved 1093632K
  class space    used 6020K, capacity 6150K, committed 6272K, reserved 1048576K
Event: 265.357 GC heap after
Heap after GC invocations=56 (full 9):
 PSYoungGen      total 244224K, used 0K [0x00000000eb180000, 0x00000000ff600000, 0x0000000100000000)
  eden space 158720K, 0% used [0x00000000eb180000,0x00000000eb180000,0x00000000f4c80000)
  from space 85504K, 0% used [0x00000000f4c80000,0x00000000f4c80000,0x00000000fa000000)
  to   space 81408K, 0% used [0x00000000fa680000,0x00000000fa680000,0x00000000ff600000)
 ParOldGen       total 325120K, used 262591K [0x00000000c1400000, 0x00000000d5180000, 0x00000000eb180000)
  object space 325120K, 80% used [0x00000000c1400000,0x00000000d146fc28,0x00000000d5180000)
 Metaspace       used 49070K, capacity 49463K, committed 50048K, reserved 1093632K
  class space    used 6020K, capacity 6150K, committed 6272K, reserved 1048576K
}
Event: 267.306 GC heap before
{Heap before GC invocations=57 (full 9):
 PSYoungGen      total 244224K, used 158720K [0x00000000eb180000, 0x00000000ff600000, 0x0000000100000000)
  eden space 158720K, 100% used [0x00000000eb180000,0x00000000f4c80000,0x00000000f4c80000)
  from space 85504K, 0% used [0x00000000f4c80000,0x00000000f4c80000,0x00000000fa000000)
  to   space 81408K, 0% used [0x00000000fa680000,0x00000000fa680000,0x00000000ff600000)
 ParOldGen       total 325120K, used 262591K [0x00000000c1400000, 0x00000000d5180000, 0x00000000eb180000)
  object space 325120K, 80% used [0x00000000c1400000,0x00000000d146fc28,0x00000000d5180000)
 Metaspace       used 49571K, capacity 49987K, committed 50560K, reserved 1093632K
  class space    used 6077K, capacity 6216K, committed 6272K, reserved 1048576K
Event: 267.334 GC heap after
Heap after GC invocations=57 (full 9):
 PSYoungGen      total 252416K, used 9713K [0x00000000eb180000, 0x00000000ff480000, 0x0000000100000000)
  eden space 172544K, 0% used [0x00000000eb180000,0x00000000eb180000,0x00000000f5a00000)
  from space 79872K, 12% used [0x00000000fa680000,0x00000000faffc4a0,0x00000000ff480000)
  to   space 78336K, 0% used [0x00000000f5a00000,0x00000000f5a00000,0x00000000fa680000)
 ParOldGen       total 325120K, used 262591K [0x00000000c1400000, 0x00000000d5180000, 0x00000000eb180000)
  object space 325120K, 80% used [0x00000000c1400000,0x00000000d146fc28,0x00000000d5180000)
 Metaspace       used 49571K, capacity 49987K, committed 50560K, reserved 1093632K
  class space    used 6077K, capacity 6216K, committed 6272K, reserved 1048576K
}

